<?xml version="1.0" encoding="UTF-8"?>
<!-- Generated by org.testng.reporters.JUnitReportReporter -->
<testsuite hostname="DESKTOP-2FHVOKV" failures="0" tests="18" name="convert.TestConverting" time="0.066" errors="0" timestamp="2021-04-07T14:56:10 IDT" skipped="0">
  <testcase classname="convert.TestConverting" name="testway1" time="0.001"/>
  <system-out/>
  <testcase classname="convert.TestConverting" name="testway2" time="0.003"/>
  <system-out/>
  <testcase classname="convert.TestConverting" name="testway3" time="0.002"/>
  <system-out/>
  <testcase classname="convert.TestConverting" name="testway3" time="0.011"/>
  <system-out/>
  <testcase classname="convert.TestConverting" name="testway2" time="0.002"/>
  <system-out/>
  <testcase classname="convert.TestConverting" name="testway3" time="0.001"/>
  <system-out/>
  <testcase classname="convert.TestConverting" name="testway1" time="0.001"/>
  <system-out/>
  <testcase classname="convert.TestConverting" name="testway2" time="0.005"/>
  <system-out/>
  <testcase classname="convert.TestConverting" name="testway2" time="0.001"/>
  <system-out/>
  <testcase classname="convert.TestConverting" name="testway1" time="0.004"/>
  <system-out/>
  <testcase classname="convert.TestConverting" name="testway3" time="0.001"/>
  <system-out/>
  <testcase classname="convert.TestConverting" name="testway2" time="0.002"/>
  <system-out/>
  <testcase classname="convert.TestConverting" name="testway1" time="0.011"/>
  <system-out/>
  <testcase classname="convert.TestConverting" name="testway1" time="0.009"/>
  <system-out/>
  <testcase classname="convert.TestConverting" name="testway3" time="0.001"/>
  <system-out/>
  <testcase classname="convert.TestConverting" name="testway1" time="0.003"/>
  <system-out/>
  <testcase classname="convert.TestConverting" name="testway3" time="0.003"/>
  <system-out/>
  <testcase classname="convert.TestConverting" name="testway2" time="0.005"/>
  <system-out/>
</testsuite> <!-- convert.TestConverting -->
